<?xml version="1.0" encoding="UTF-8"?>
<testsuite xmlns:xsi="http://www.w3.org/2001/XMLSchema-instance" xsi:noNamespaceSchemaLocation="https://maven.apache.org/surefire/maven-surefire-plugin/xsd/surefire-test-report.xsd" name="domain.AppTest" time="0.06" tests="3" errors="0" skipped="0" failures="1">
  <properties>
    <property name="sun.desktop" value="windows"/>
    <property name="awt.toolkit" value="sun.awt.windows.WToolkit"/>
    <property name="java.specification.version" value="11"/>
    <property name="sun.cpu.isalist" value="amd64"/>
    <property name="sun.jnu.encoding" value="Cp1252"/>
    <property name="java.class.path" value="d:\Self Development\Git Reps\iPASS-Online-Werkrooster\Domain-classes - Iteratie 1\domain\target\test-classes;d:\Self Development\Git Reps\iPASS-Online-Werkrooster\Domain-classes - Iteratie 1\domain\target\classes;C:\Users\Ishara\.m2\repository\junit\junit\4.11\junit-4.11.jar;C:\Users\Ishara\.m2\repository\org\hamcrest\hamcrest-core\1.3\hamcrest-core-1.3.jar;"/>
    <property name="java.vm.vendor" value="AdoptOpenJDK"/>
    <property name="sun.arch.data.model" value="64"/>
    <property name="user.variant" value=""/>
    <property name="java.vendor.url" value="https://adoptopenjdk.net/"/>
    <property name="user.timezone" value="Europe/Berlin"/>
    <property name="java.vm.specification.version" value="11"/>
    <property name="os.name" value="Windows 10"/>
    <property name="sun.java.launcher" value="SUN_STANDARD"/>
    <property name="user.country" value="GB"/>
    <property name="sun.boot.library.path" value="C:\Program Files\AdoptOpenJDK\jdk-11.0.6.10-hotspot\bin"/>
    <property name="sun.java.command" value="C:\Users\Ishara\AppData\Local\Temp\surefire6095905660717662078\surefirebooter11473095371843261471.jar C:\Users\Ishara\AppData\Local\Temp\surefire6095905660717662078 2020-05-17T22-09-58_911-jvmRun1 surefire16984968004743849607tmp surefire_07942525299252924066tmp"/>
    <property name="jdk.debug" value="release"/>
    <property name="surefire.test.class.path" value="d:\Self Development\Git Reps\iPASS-Online-Werkrooster\Domain-classes - Iteratie 1\domain\target\test-classes;d:\Self Development\Git Reps\iPASS-Online-Werkrooster\Domain-classes - Iteratie 1\domain\target\classes;C:\Users\Ishara\.m2\repository\junit\junit\4.11\junit-4.11.jar;C:\Users\Ishara\.m2\repository\org\hamcrest\hamcrest-core\1.3\hamcrest-core-1.3.jar;"/>
    <property name="sun.cpu.endian" value="little"/>
    <property name="user.home" value="C:\Users\Ishara"/>
    <property name="user.language" value="en"/>
    <property name="java.specification.vendor" value="Oracle Corporation"/>
    <property name="java.version.date" value="2020-01-14"/>
    <property name="java.home" value="C:\Program Files\AdoptOpenJDK\jdk-11.0.6.10-hotspot"/>
    <property name="file.separator" value="\"/>
    <property name="basedir" value="d:\Self Development\Git Reps\iPASS-Online-Werkrooster\Domain-classes - Iteratie 1\domain"/>
    <property name="java.vm.compressedOopsMode" value="32-bit"/>
    <property name="line.separator" value="&#10;"/>
    <property name="java.specification.name" value="Java Platform API Specification"/>
    <property name="java.vm.specification.vendor" value="Oracle Corporation"/>
    <property name="java.awt.graphicsenv" value="sun.awt.Win32GraphicsEnvironment"/>
    <property name="surefire.real.class.path" value="C:\Users\Ishara\AppData\Local\Temp\surefire6095905660717662078\surefirebooter11473095371843261471.jar"/>
    <property name="user.script" value=""/>
    <property name="sun.management.compiler" value="HotSpot 64-Bit Tiered Compilers"/>
    <property name="java.runtime.version" value="11.0.6+10"/>
    <property name="user.name" value="Ishara"/>
    <property name="path.separator" value=";"/>
    <property name="os.version" value="10.0"/>
    <property name="java.runtime.name" value="OpenJDK Runtime Environment"/>
    <property name="file.encoding" value="Cp1252"/>
    <property name="java.vm.name" value="OpenJDK 64-Bit Server VM"/>
    <property name="java.vendor.version" value="AdoptOpenJDK"/>
    <property name="localRepository" value="C:\Users\Ishara\.m2\repository"/>
    <property name="java.vendor.url.bug" value="https://github.com/AdoptOpenJDK/openjdk-support/issues"/>
    <property name="java.io.tmpdir" value="C:\Users\Ishara\AppData\Local\Temp\"/>
    <property name="java.version" value="11.0.6"/>
    <property name="user.dir" value="d:\Self Development\Git Reps\iPASS-Online-Werkrooster\Domain-classes - Iteratie 1\domain"/>
    <property name="os.arch" value="amd64"/>
    <property name="java.vm.specification.name" value="Java Virtual Machine Specification"/>
    <property name="java.awt.printerjob" value="sun.awt.windows.WPrinterJob"/>
    <property name="sun.os.patch.level" value=""/>
    <property name="java.library.path" value="C:\Program Files\AdoptOpenJDK\jdk-11.0.6.10-hotspot\bin;C:\WINDOWS\Sun\Java\bin;C:\WINDOWS\system32;C:\WINDOWS;C:\Program Files\AdoptOpenJDK\jdk-11.0.6.10-hotspot\bin;C:\Program Files (x86)\Common Files\Oracle\Java\javapath;C:\Windows\system32;C:\Windows;C:\Windows\System32\Wbem;C:\Windows\System32\WindowsPowerShell\v1.0\;C:\Windows\System32\OpenSSH\;C:\Program Files\NVIDIA Corporation\NVIDIA NvDLISR;C:\Program Files (x86)\NVIDIA Corporation\PhysX\Common;C:\WINDOWS\system32;C:\WINDOWS;C:\WINDOWS\System32\Wbem;C:\WINDOWS\System32\WindowsPowerShell\v1.0\;C:\WINDOWS\System32\OpenSSH\;C:\Program Files\Git\cmd;C:\Users\Ishara\AppData\Local\Microsoft\WindowsApps;C:\Users\Ishara\AppData\Local\GitHubDesktop\bin;D:\Program Files\jdk-13\lib;D:\Program Files\jfx-13\lib;C:\Users\Ishara\AppData\Local\Microsoft\WindowsApps;C:\Users\Ishara\AppData\Local\Programs\Microsoft VS Code\bin;D:\Program Files\JetBrains\IntelliJ IDEA 2019.3.2\bin;C:\Program Files\AdoptOpenJDK\jdk-11.0.6.10-hotspot\lib;D:\Program Files\apache-maven-3.6.3-bin\apache-maven-3.6.3\bin\mvn;D:\Program Files\apache-maven-3.6.3-bin\apache-maven-3.6.3\bin;;."/>
    <property name="java.vendor" value="AdoptOpenJDK"/>
    <property name="java.vm.info" value="mixed mode"/>
    <property name="java.vm.version" value="11.0.6+10"/>
    <property name="sun.io.unicode.encoding" value="UnicodeLittle"/>
    <property name="java.class.version" value="55.0"/>
  </properties>
  <testcase name="afmeldingInThePast" classname="domain.AppTest" time="0.031">
    <failure message="Array is niet leeg: Afmelding is toegevoegd." type="java.lang.AssertionError">java.lang.AssertionError: Array is niet leeg: Afmelding is toegevoegd.
	at domain.AppTest.afmeldingInThePast(AppTest.java:27)
</failure>
    <system-out><![CDATA[hey
]]></system-out>
  </testcase>
  <testcase name="afmeldingInPresent" classname="domain.AppTest" time="0"/>
  <testcase name="afmeldingInTheFuture" classname="domain.AppTest" time="0.001"/>
</testsuite>